This file contains any messages produced by compilers while
running configure, to aid debugging if configure makes a mistake.

It was created by libhpdf configure 2.1.0, which was
generated by GNU Autoconf 2.60.  Invocation command line was

  $ /home/meltdown1995/roseRoot/rose-compiler//src/src/3rdPartyLibraries/libharu-2.1.0/configure --disable-option-checking --silent --prefix=/home/meltdown1995/roseRoot/rose-compiler//install --enable-languages=c,c++ --with-boost=/usr --with-boost-libdir=/usr/lib/x86_64-linux-gnu --enable-ltdl-convenience --cache-file=/dev/null --srcdir=/home/meltdown1995/roseRoot/rose-compiler//src/src/3rdPartyLibraries/libharu-2.1.0

## --------- ##
## Platform. ##
## --------- ##

hostname = meltdown1012
uname -m = x86_64
uname -r = 5.8.0-33-generic
uname -s = Linux
uname -v = #36-Ubuntu SMP Wed Dec 9 09:14:40 UTC 2020

/usr/bin/uname -p = x86_64
/bin/uname -X     = unknown

/bin/arch              = x86_64
/usr/bin/arch -k       = unknown
/usr/convex/getsysinfo = unknown
/usr/bin/hostinfo      = unknown
/bin/machine           = unknown
/usr/bin/oslevel       = unknown
/bin/universe          = unknown

PATH: /usr/local/sbin
PATH: /usr/local/bin
PATH: /usr/sbin
PATH: /usr/bin
PATH: /sbin
PATH: /bin
PATH: /usr/games
PATH: /usr/local/games
PATH: /snap/bin


## ----------- ##
## Core tests. ##
## ----------- ##

configure:1973: checking for a BSD-compatible install
configure:2029: result: /usr/bin/install -c
configure:2040: checking whether build environment is sane
configure:2083: result: yes
configure:2148: checking for gawk
configure:2178: result: no
configure:2148: checking for mawk
configure:2164: found /usr/bin/mawk
configure:2175: result: mawk
configure:2186: checking whether make sets $(MAKE)
configure:2207: result: yes
configure:2382: checking whether to enable maintainer-specific portions of Makefiles
configure:2391: result: no
configure:2455: checking for gcc
configure:2471: found /usr/bin/gcc
configure:2482: result: gcc
configure:2720: checking for C compiler version
configure:2727: gcc --version >&5
gcc (Ubuntu 8.4.0-4ubuntu1) 8.4.0
Copyright (C) 2018 Free Software Foundation, Inc.
This is free software; see the source for copying conditions.  There is NO
warranty; not even for MERCHANTABILITY or FITNESS FOR A PARTICULAR PURPOSE.

configure:2730: $? = 0
configure:2737: gcc -v >&5
Using built-in specs.
COLLECT_GCC=gcc
COLLECT_LTO_WRAPPER=/usr/lib/gcc/x86_64-linux-gnu/8/lto-wrapper
OFFLOAD_TARGET_NAMES=nvptx-none
OFFLOAD_TARGET_DEFAULT=1
Target: x86_64-linux-gnu
Configured with: ../src/configure -v --with-pkgversion='Ubuntu 8.4.0-4ubuntu1' --with-bugurl=file:///usr/share/doc/gcc-8/README.Bugs --enable-languages=c,ada,c++,go,brig,d,fortran,objc,obj-c++ --prefix=/usr --with-gcc-major-version-only --program-suffix=-8 --program-prefix=x86_64-linux-gnu- --enable-shared --enable-linker-build-id --libexecdir=/usr/lib --without-included-gettext --enable-threads=posix --libdir=/usr/lib --enable-nls --enable-bootstrap --enable-clocale=gnu --enable-libstdcxx-debug --enable-libstdcxx-time=yes --with-default-libstdcxx-abi=new --enable-gnu-unique-object --disable-vtable-verify --enable-libmpx --enable-plugin --enable-default-pie --with-system-zlib --with-target-system-zlib=auto --enable-objc-gc=auto --enable-multiarch --disable-werror --with-arch-32=i686 --with-abi=m64 --with-multilib-list=m32,m64,mx32 --enable-multilib --with-tune=generic --enable-offload-targets=nvptx-none --without-cuda-driver --enable-checking=release --build=x86_64-linux-gnu --host=x86_64-linux-gnu --target=x86_64-linux-gnu
Thread model: posix
gcc version 8.4.0 (Ubuntu 8.4.0-4ubuntu1) 
configure:2740: $? = 0
configure:2747: gcc -V >&5
gcc: error: unrecognized command line option '-V'
gcc: fatal error: no input files
compilation terminated.
configure:2750: $? = 1
configure:2773: checking for C compiler default output file name
configure:2800: gcc    conftest.c  >&5
configure:2803: $? = 0
configure:2849: result: a.out
configure:2854: checking whether the C compiler works
configure:2864: ./a.out
configure:2867: $? = 0
configure:2884: result: yes
configure:2891: checking whether we are cross compiling
configure:2893: result: no
configure:2896: checking for suffix of executables
configure:2903: gcc -o conftest    conftest.c  >&5
configure:2906: $? = 0
configure:2930: result: 
configure:2936: checking for suffix of object files
configure:2962: gcc -c   conftest.c >&5
configure:2965: $? = 0
configure:2988: result: o
configure:2992: checking whether we are using the GNU C compiler
configure:3021: gcc -c   conftest.c >&5
configure:3027: $? = 0
configure:3034: test -z "$ac_c_werror_flag" || test ! -s conftest.err
configure:3037: $? = 0
configure:3044: test -s conftest.o
configure:3047: $? = 0
configure:3061: result: yes
configure:3066: checking whether gcc accepts -g
configure:3096: gcc -c -g  conftest.c >&5
configure:3102: $? = 0
configure:3109: test -z "$ac_c_werror_flag" || test ! -s conftest.err
configure:3112: $? = 0
configure:3119: test -s conftest.o
configure:3122: $? = 0
configure:3252: result: yes
configure:3269: checking for gcc option to accept ISO C89
configure:3343: gcc  -c -g -O2  conftest.c >&5
configure:3349: $? = 0
configure:3356: test -z "$ac_c_werror_flag" || test ! -s conftest.err
configure:3359: $? = 0
configure:3366: test -s conftest.o
configure:3369: $? = 0
configure:3389: result: none needed
configure:3418: checking for style of include used by make
configure:3446: result: GNU
configure:3474: checking dependency style of gcc
configure:3564: result: none
configure:3581: checking for a sed that does not truncate output
configure:3635: result: /usr/bin/sed
configure:3644: checking build system type
configure:3662: result: x86_64-unknown-linux-gnu
configure:3684: checking host system type
configure:3699: result: x86_64-unknown-linux-gnu
configure:3721: checking for grep that handles long lines and -e
configure:3795: result: /usr/bin/grep
configure:3800: checking for egrep
configure:3878: result: /usr/bin/grep -E
configure:3894: checking for ld used by gcc
configure:3961: result: /usr/bin/ld
configure:3970: checking if the linker (/usr/bin/ld) is GNU ld
configure:3985: result: yes
configure:4062: checking for /usr/bin/ld option to reload object files
configure:4069: result: -r
configure:4087: checking for BSD-compatible nm
configure:4136: result: /usr/bin/nm -B
configure:4140: checking whether ln -s works
configure:4144: result: yes
configure:4151: checking how to recognise dependent libraries
configure:4327: result: pass_all
configure:4415: gcc -c -g -O2  conftest.c >&5
configure:4418: $? = 0
configure:4577: checking how to run the C preprocessor
configure:4617: gcc -E  conftest.c
configure:4623: $? = 0
configure:4661: gcc -E  conftest.c
conftest.c:8:10: fatal error: ac_nonexistent.h: No such file or directory
 #include <ac_nonexistent.h>
          ^~~~~~~~~~~~~~~~~~
compilation terminated.
configure:4667: $? = 1
configure: failed program was:
| /* confdefs.h.  */
| #define PACKAGE_NAME "libhpdf"
| #define PACKAGE_TARNAME "libhpdf"
| #define PACKAGE_VERSION "2.1.0"
| #define PACKAGE_STRING "libhpdf 2.1.0"
| #define PACKAGE_BUGREPORT ""
| /* end confdefs.h.  */
| #include <ac_nonexistent.h>
configure:4707: result: gcc -E
configure:4736: gcc -E  conftest.c
configure:4742: $? = 0
configure:4780: gcc -E  conftest.c
conftest.c:8:10: fatal error: ac_nonexistent.h: No such file or directory
 #include <ac_nonexistent.h>
          ^~~~~~~~~~~~~~~~~~
compilation terminated.
configure:4786: $? = 1
configure: failed program was:
| /* confdefs.h.  */
| #define PACKAGE_NAME "libhpdf"
| #define PACKAGE_TARNAME "libhpdf"
| #define PACKAGE_VERSION "2.1.0"
| #define PACKAGE_STRING "libhpdf 2.1.0"
| #define PACKAGE_BUGREPORT ""
| /* end confdefs.h.  */
| #include <ac_nonexistent.h>
configure:4831: checking for ANSI C header files
configure:4861: gcc -c -g -O2  conftest.c >&5
configure:4867: $? = 0
configure:4874: test -z "$ac_c_werror_flag" || test ! -s conftest.err
configure:4877: $? = 0
configure:4884: test -s conftest.o
configure:4887: $? = 0
configure:4983: gcc -o conftest -g -O2   conftest.c  >&5
configure:4986: $? = 0
configure:4992: ./conftest
configure:4995: $? = 0
configure:5012: result: yes
configure:5036: checking for sys/types.h
configure:5057: gcc -c -g -O2  conftest.c >&5
configure:5063: $? = 0
configure:5070: test -z "$ac_c_werror_flag" || test ! -s conftest.err
configure:5073: $? = 0
configure:5080: test -s conftest.o
configure:5083: $? = 0
configure:5096: result: yes
configure:5036: checking for sys/stat.h
configure:5057: gcc -c -g -O2  conftest.c >&5
configure:5063: $? = 0
configure:5070: test -z "$ac_c_werror_flag" || test ! -s conftest.err
configure:5073: $? = 0
configure:5080: test -s conftest.o
configure:5083: $? = 0
configure:5096: result: yes
configure:5036: checking for stdlib.h
configure:5057: gcc -c -g -O2  conftest.c >&5
configure:5063: $? = 0
configure:5070: test -z "$ac_c_werror_flag" || test ! -s conftest.err
configure:5073: $? = 0
configure:5080: test -s conftest.o
configure:5083: $? = 0
configure:5096: result: yes
configure:5036: checking for string.h
configure:5057: gcc -c -g -O2  conftest.c >&5
configure:5063: $? = 0
configure:5070: test -z "$ac_c_werror_flag" || test ! -s conftest.err
configure:5073: $? = 0
configure:5080: test -s conftest.o
configure:5083: $? = 0
configure:5096: result: yes
configure:5036: checking for memory.h
configure:5057: gcc -c -g -O2  conftest.c >&5
configure:5063: $? = 0
configure:5070: test -z "$ac_c_werror_flag" || test ! -s conftest.err
configure:5073: $? = 0
configure:5080: test -s conftest.o
configure:5083: $? = 0
configure:5096: result: yes
configure:5036: checking for strings.h
configure:5057: gcc -c -g -O2  conftest.c >&5
configure:5063: $? = 0
configure:5070: test -z "$ac_c_werror_flag" || test ! -s conftest.err
configure:5073: $? = 0
configure:5080: test -s conftest.o
configure:5083: $? = 0
configure:5096: result: yes
configure:5036: checking for inttypes.h
configure:5057: gcc -c -g -O2  conftest.c >&5
configure:5063: $? = 0
configure:5070: test -z "$ac_c_werror_flag" || test ! -s conftest.err
configure:5073: $? = 0
configure:5080: test -s conftest.o
configure:5083: $? = 0
configure:5096: result: yes
configure:5036: checking for stdint.h
configure:5057: gcc -c -g -O2  conftest.c >&5
configure:5063: $? = 0
configure:5070: test -z "$ac_c_werror_flag" || test ! -s conftest.err
configure:5073: $? = 0
configure:5080: test -s conftest.o
configure:5083: $? = 0
configure:5096: result: yes
configure:5036: checking for unistd.h
configure:5057: gcc -c -g -O2  conftest.c >&5
configure:5063: $? = 0
configure:5070: test -z "$ac_c_werror_flag" || test ! -s conftest.err
configure:5073: $? = 0
configure:5080: test -s conftest.o
configure:5083: $? = 0
configure:5096: result: yes
configure:5123: checking dlfcn.h usability
configure:5140: gcc -c -g -O2  conftest.c >&5
configure:5146: $? = 0
configure:5153: test -z "$ac_c_werror_flag" || test ! -s conftest.err
configure:5156: $? = 0
configure:5163: test -s conftest.o
configure:5166: $? = 0
configure:5177: result: yes
configure:5181: checking dlfcn.h presence
configure:5196: gcc -E  conftest.c
configure:5202: $? = 0
configure:5223: result: yes
configure:5251: checking for dlfcn.h
configure:5259: result: yes
configure:5330: checking for g++
configure:5346: found /usr/bin/g++
configure:5357: result: g++
configure:5388: checking for C++ compiler version
configure:5395: g++ --version >&5
g++ (Ubuntu 8.4.0-4ubuntu1) 8.4.0
Copyright (C) 2018 Free Software Foundation, Inc.
This is free software; see the source for copying conditions.  There is NO
warranty; not even for MERCHANTABILITY or FITNESS FOR A PARTICULAR PURPOSE.

configure:5398: $? = 0
configure:5405: g++ -v >&5
Using built-in specs.
COLLECT_GCC=g++
COLLECT_LTO_WRAPPER=/usr/lib/gcc/x86_64-linux-gnu/8/lto-wrapper
OFFLOAD_TARGET_NAMES=nvptx-none
OFFLOAD_TARGET_DEFAULT=1
Target: x86_64-linux-gnu
Configured with: ../src/configure -v --with-pkgversion='Ubuntu 8.4.0-4ubuntu1' --with-bugurl=file:///usr/share/doc/gcc-8/README.Bugs --enable-languages=c,ada,c++,go,brig,d,fortran,objc,obj-c++ --prefix=/usr --with-gcc-major-version-only --program-suffix=-8 --program-prefix=x86_64-linux-gnu- --enable-shared --enable-linker-build-id --libexecdir=/usr/lib --without-included-gettext --enable-threads=posix --libdir=/usr/lib --enable-nls --enable-bootstrap --enable-clocale=gnu --enable-libstdcxx-debug --enable-libstdcxx-time=yes --with-default-libstdcxx-abi=new --enable-gnu-unique-object --disable-vtable-verify --enable-libmpx --enable-plugin --enable-default-pie --with-system-zlib --with-target-system-zlib=auto --enable-objc-gc=auto --enable-multiarch --disable-werror --with-arch-32=i686 --with-abi=m64 --with-multilib-list=m32,m64,mx32 --enable-multilib --with-tune=generic --enable-offload-targets=nvptx-none --without-cuda-driver --enable-checking=release --build=x86_64-linux-gnu --host=x86_64-linux-gnu --target=x86_64-linux-gnu
Thread model: posix
gcc version 8.4.0 (Ubuntu 8.4.0-4ubuntu1) 
configure:5408: $? = 0
configure:5415: g++ -V >&5
g++: error: unrecognized command line option '-V'
g++: fatal error: no input files
compilation terminated.
configure:5418: $? = 1
configure:5421: checking whether we are using the GNU C++ compiler
configure:5450: g++ -c   conftest.cpp >&5
configure:5456: $? = 0
configure:5463: test -z "$ac_cxx_werror_flag" || test ! -s conftest.err
configure:5466: $? = 0
configure:5473: test -s conftest.o
configure:5476: $? = 0
configure:5490: result: yes
configure:5495: checking whether g++ accepts -g
configure:5525: g++ -c -g  conftest.cpp >&5
configure:5531: $? = 0
configure:5538: test -z "$ac_cxx_werror_flag" || test ! -s conftest.err
configure:5541: $? = 0
configure:5548: test -s conftest.o
configure:5551: $? = 0
configure:5681: result: yes
configure:5706: checking dependency style of g++
configure:5796: result: none
configure:5823: checking how to run the C++ preprocessor
configure:5859: g++ -E  conftest.cpp
configure:5865: $? = 0
configure:5903: g++ -E  conftest.cpp
conftest.cpp:19:10: fatal error: ac_nonexistent.h: No such file or directory
 #include <ac_nonexistent.h>
          ^~~~~~~~~~~~~~~~~~
compilation terminated.
configure:5909: $? = 1
configure: failed program was:
| /* confdefs.h.  */
| #define PACKAGE_NAME "libhpdf"
| #define PACKAGE_TARNAME "libhpdf"
| #define PACKAGE_VERSION "2.1.0"
| #define PACKAGE_STRING "libhpdf 2.1.0"
| #define PACKAGE_BUGREPORT ""
| #define STDC_HEADERS 1
| #define HAVE_SYS_TYPES_H 1
| #define HAVE_SYS_STAT_H 1
| #define HAVE_STDLIB_H 1
| #define HAVE_STRING_H 1
| #define HAVE_MEMORY_H 1
| #define HAVE_STRINGS_H 1
| #define HAVE_INTTYPES_H 1
| #define HAVE_STDINT_H 1
| #define HAVE_UNISTD_H 1
| #define HAVE_DLFCN_H 1
| /* end confdefs.h.  */
| #include <ac_nonexistent.h>
configure:5949: result: g++ -E
configure:5978: g++ -E  conftest.cpp
configure:5984: $? = 0
configure:6022: g++ -E  conftest.cpp
conftest.cpp:19:10: fatal error: ac_nonexistent.h: No such file or directory
 #include <ac_nonexistent.h>
          ^~~~~~~~~~~~~~~~~~
compilation terminated.
configure:6028: $? = 1
configure: failed program was:
| /* confdefs.h.  */
| #define PACKAGE_NAME "libhpdf"
| #define PACKAGE_TARNAME "libhpdf"
| #define PACKAGE_VERSION "2.1.0"
| #define PACKAGE_STRING "libhpdf 2.1.0"
| #define PACKAGE_BUGREPORT ""
| #define STDC_HEADERS 1
| #define HAVE_SYS_TYPES_H 1
| #define HAVE_SYS_STAT_H 1
| #define HAVE_STDLIB_H 1
| #define HAVE_STRING_H 1
| #define HAVE_MEMORY_H 1
| #define HAVE_STRINGS_H 1
| #define HAVE_INTTYPES_H 1
| #define HAVE_STDINT_H 1
| #define HAVE_UNISTD_H 1
| #define HAVE_DLFCN_H 1
| /* end confdefs.h.  */
| #include <ac_nonexistent.h>
configure:6128: checking for g77
configure:6158: result: no
configure:6128: checking for f77
configure:6144: found /usr/bin/f77
configure:6155: result: f77
configure:6185: checking for Fortran 77 compiler version
configure:6192: f77 --version >&5
GNU Fortran (Ubuntu 10.2.0-13ubuntu1) 10.2.0
Copyright (C) 2020 Free Software Foundation, Inc.
This is free software; see the source for copying conditions.  There is NO
warranty; not even for MERCHANTABILITY or FITNESS FOR A PARTICULAR PURPOSE.

configure:6195: $? = 0
configure:6202: f77 -v >&5
Using built-in specs.
COLLECT_GCC=f77
COLLECT_LTO_WRAPPER=/usr/lib/gcc/x86_64-linux-gnu/10/lto-wrapper
OFFLOAD_TARGET_NAMES=nvptx-none:amdgcn-amdhsa:hsa
OFFLOAD_TARGET_DEFAULT=1
Target: x86_64-linux-gnu
Configured with: ../src/configure -v --with-pkgversion='Ubuntu 10.2.0-13ubuntu1' --with-bugurl=file:///usr/share/doc/gcc-10/README.Bugs --enable-languages=c,ada,c++,go,brig,d,fortran,objc,obj-c++,m2 --prefix=/usr --with-gcc-major-version-only --program-suffix=-10 --program-prefix=x86_64-linux-gnu- --enable-shared --enable-linker-build-id --libexecdir=/usr/lib --without-included-gettext --enable-threads=posix --libdir=/usr/lib --enable-nls --enable-clocale=gnu --enable-libstdcxx-debug --enable-libstdcxx-time=yes --with-default-libstdcxx-abi=new --enable-gnu-unique-object --disable-vtable-verify --enable-plugin --enable-default-pie --with-system-zlib --enable-libphobos-checking=release --with-target-system-zlib=auto --enable-objc-gc=auto --enable-multiarch --disable-werror --with-arch-32=i686 --with-abi=m64 --with-multilib-list=m32,m64,mx32 --enable-multilib --with-tune=generic --enable-offload-targets=nvptx-none=/build/gcc-10-JvwpWM/gcc-10-10.2.0/debian/tmp-nvptx/usr,amdgcn-amdhsa=/build/gcc-10-JvwpWM/gcc-10-10.2.0/debian/tmp-gcn/usr,hsa --without-cuda-driver --enable-checking=release --build=x86_64-linux-gnu --host=x86_64-linux-gnu --target=x86_64-linux-gnu
Thread model: posix
Supported LTO compression algorithms: zlib zstd
gcc version 10.2.0 (Ubuntu 10.2.0-13ubuntu1) 
configure:6205: $? = 0
configure:6212: f77 -V >&5
f77: error: unrecognized command-line option '-V'
f77: fatal error: no input files
compilation terminated.
configure:6215: $? = 1
configure:6223: checking whether we are using the GNU Fortran 77 compiler
configure:6242: f77 -c  conftest.F >&5
configure:6248: $? = 0
configure:6255: test -z "$ac_f77_werror_flag" || test ! -s conftest.err
configure:6258: $? = 0
configure:6265: test -s conftest.o
configure:6268: $? = 0
configure:6282: result: yes
configure:6288: checking whether f77 accepts -g
configure:6305: f77 -c -g conftest.f >&5
configure:6311: $? = 0
configure:6318: test -z "$ac_f77_werror_flag" || test ! -s conftest.err
configure:6321: $? = 0
configure:6328: test -s conftest.o
configure:6331: $? = 0
configure:6344: result: yes
configure:6374: checking the maximum length of command line arguments
configure:6483: result: 32768
configure:6494: checking command to parse /usr/bin/nm -B output from gcc object
configure:6599: gcc -c -g -O2  conftest.c >&5
configure:6602: $? = 0
configure:6606: /usr/bin/nm -B conftest.o \| sed -n -e 's/^.*[ 	]\([ABCDGIRSTW][ABCDGIRSTW]*\)[ 	][ 	]*\([_A-Za-z][_A-Za-z0-9]*\)$/\1 \2 \2/p' \> conftest.nm
configure:6609: $? = 0
configure:6661: gcc -o conftest -g -O2   conftest.c conftstm.o >&5
configure:6664: $? = 0
configure:6702: result: ok
configure:6706: checking for objdir
configure:6721: result: .libs
configure:6813: checking for ar
configure:6829: found /usr/bin/ar
configure:6840: result: ar
configure:6909: checking for ranlib
configure:6925: found /usr/bin/ranlib
configure:6936: result: ranlib
configure:7005: checking for strip
configure:7021: found /usr/bin/strip
configure:7032: result: strip
configure:7318: checking if gcc supports -fno-rtti -fno-exceptions
configure:7341: gcc -c -g -O2  -fno-rtti -fno-exceptions conftest.c >&5
cc1: warning: command line option '-fno-rtti' is valid for C++/ObjC++ but not for C
configure:7345: $? = 0
configure:7353: result: no
configure:7343: checking for gcc option to produce PIC
configure:7553: result: -fPIC
configure:7561: checking if gcc PIC flag -fPIC works
configure:7609: gcc -c -g -O2  -fPIC -DPIC conftest.c >&5
configure:7613: $? = 0
configure:7596: result: yes
configure:7595: checking if gcc static flag -static works
configure:7623: result: yes
configure:7633: checking if gcc supports -c -o file.o
configure:7713: gcc -c -g -O2  -o out/conftest2.o conftest.c >&5
configure:7717: $? = 0
configure:7656: result: yes
configure:7682: checking whether the gcc linker (/usr/bin/ld -m elf_x86_64) supports shared libraries
configure:8668: result: yes
configure:8689: checking whether -lc should be explicitly linked in
configure:8694: gcc -c -g -O2  conftest.c >&5
configure:8697: $? = 0
configure:8712: gcc -shared conftest.o  -v -Wl,-soname -Wl,conftest -o conftest 2\>\&1 \| grep  -lc  \>/dev/null 2\>\&1
configure:8715: $? = 0
configure:8727: result: no
configure:8735: checking dynamic linker characteristics
configure:9323: result: GNU/Linux ld.so
configure:9332: checking how to hardcode library paths into programs
configure:9357: result: immediate
configure:9371: checking whether stripping libraries is possible
configure:9376: result: yes
configure:10289: checking if libtool supports shared libraries
configure:10291: result: yes
configure:10294: checking whether to build shared libraries
configure:10315: result: yes
configure:10318: checking whether to build static libraries
configure:10322: result: yes
configure:10414: creating libtool
configure:11002: checking for ld used by g++
configure:11069: result: /usr/bin/ld -m elf_x86_64
configure:11078: checking if the linker (/usr/bin/ld -m elf_x86_64) is GNU ld
configure:11093: result: yes
configure:11144: checking whether the g++ linker (/usr/bin/ld -m elf_x86_64) supports shared libraries
configure:12110: result: yes
configure:12128: g++ -c -g -O2  conftest.cpp >&5
configure:12131: $? = 0
configure:12250: checking for g++ option to produce PIC
configure:12524: result: -fPIC
configure:12532: checking if g++ PIC flag -fPIC works
configure:12633: g++ -c -g -O2  -fPIC -DPIC conftest.cpp >&5
configure:12637: $? = 0
configure:12567: result: yes
configure:12595: checking if g++ static flag -static works
configure:12623: result: yes
configure:12633: checking if g++ supports -c -o file.o
configure:12737: g++ -c -g -O2  -o out/conftest2.o conftest.cpp >&5
configure:12741: $? = 0
configure:12680: result: yes
configure:12706: checking whether the g++ linker (/usr/bin/ld -m elf_x86_64) supports shared libraries
configure:12731: result: yes
configure:12798: checking dynamic linker characteristics
configure:13386: result: GNU/Linux ld.so
configure:13395: checking how to hardcode library paths into programs
configure:13420: result: immediate
configure:13946: checking if libtool supports shared libraries
configure:13948: result: yes
configure:13951: checking whether to build shared libraries
configure:13971: result: yes
configure:13974: checking whether to build static libraries
configure:13978: result: yes
configure:13988: checking for f77 option to produce PIC
configure:14198: result: -fPIC
configure:14206: checking if f77 PIC flag -fPIC works
configure:14307: f77 -c -g -O2 -fPIC conftest.f >&5
configure:14311: $? = 0
configure:14241: result: yes
configure:14269: checking if f77 static flag -static works
configure:14297: result: yes
configure:14307: checking if f77 supports -c -o file.o
configure:14411: f77 -c -g -O2 -o out/conftest2.o conftest.f >&5
configure:14415: $? = 0
configure:14354: result: yes
configure:14380: checking whether the f77 linker (/usr/bin/ld -m elf_x86_64) supports shared libraries
configure:15346: result: yes
configure:15413: checking dynamic linker characteristics
configure:16001: result: GNU/Linux ld.so
configure:16010: checking how to hardcode library paths into programs
configure:16035: result: immediate
configure:19637: checking for a BSD-compatible install
configure:19693: result: /usr/bin/install -c
configure:19705: checking for size_t
configure:19735: gcc -c -g -O2  conftest.c >&5
configure:19741: $? = 0
configure:19748: test -z "$ac_c_werror_flag" || test ! -s conftest.err
configure:19751: $? = 0
configure:19758: test -s conftest.o
configure:19761: $? = 0
configure:19773: result: yes
configure:19794: checking for string.h
configure:19800: result: yes
configure:19794: checking for strings.h
configure:19800: result: yes
configure:19794: checking for unistd.h
configure:19800: result: yes
configure:19794: checking for stdint.h
configure:19800: result: yes
configure:19954: checking for floor in -lm
configure:19989: gcc -o conftest -g -O2   conftest.c -lm   >&5
conftest.c:30:6: warning: conflicting types for built-in function 'floor' [-Wbuiltin-declaration-mismatch]
 char floor ();
      ^~~~~
configure:19995: $? = 0
configure:20002: test -z "$ac_c_werror_flag" || test ! -s conftest.err
configure:20005: $? = 0
configure:20012: test -s conftest
configure:20015: $? = 0
configure:20029: result: yes
configure:20557: creating ./config.status

## ---------------------- ##
## Running config.status. ##
## ---------------------- ##

This file was extended by libhpdf config.status 2.1.0, which was
generated by GNU Autoconf 2.60.  Invocation command line was

  CONFIG_FILES    = 
  CONFIG_HEADERS  = 
  CONFIG_LINKS    = 
  CONFIG_COMMANDS = 
  $ ./config.status --quiet

on meltdown1012

config.status:652: creating Makefile
config.status:652: creating src/Makefile
config.status:652: creating include/Makefile
config.status:652: creating include/hpdf_config.h
config.status:916: executing depfiles commands

## ---------------- ##
## Cache variables. ##
## ---------------- ##

ac_cv_build=x86_64-unknown-linux-gnu
ac_cv_c_compiler_gnu=yes
ac_cv_cxx_compiler_gnu=yes
ac_cv_env_CCC_set=
ac_cv_env_CCC_value=
ac_cv_env_CC_set=
ac_cv_env_CC_value=
ac_cv_env_CFLAGS_set=
ac_cv_env_CFLAGS_value=
ac_cv_env_CPPFLAGS_set=set
ac_cv_env_CPPFLAGS_value=
ac_cv_env_CPP_set=
ac_cv_env_CPP_value=
ac_cv_env_CXXCPP_set=
ac_cv_env_CXXCPP_value=
ac_cv_env_CXXFLAGS_set=
ac_cv_env_CXXFLAGS_value=
ac_cv_env_CXX_set=
ac_cv_env_CXX_value=
ac_cv_env_F77_set=
ac_cv_env_F77_value=
ac_cv_env_FFLAGS_set=
ac_cv_env_FFLAGS_value=
ac_cv_env_LDFLAGS_set=set
ac_cv_env_LDFLAGS_value=
ac_cv_env_build_alias_set=
ac_cv_env_build_alias_value=
ac_cv_env_host_alias_set=
ac_cv_env_host_alias_value=
ac_cv_env_target_alias_set=
ac_cv_env_target_alias_value=
ac_cv_f77_compiler_gnu=yes
ac_cv_header_dlfcn_h=yes
ac_cv_header_inttypes_h=yes
ac_cv_header_memory_h=yes
ac_cv_header_stdc=yes
ac_cv_header_stdint_h=yes
ac_cv_header_stdlib_h=yes
ac_cv_header_string_h=yes
ac_cv_header_strings_h=yes
ac_cv_header_sys_stat_h=yes
ac_cv_header_sys_types_h=yes
ac_cv_header_unistd_h=yes
ac_cv_host=x86_64-unknown-linux-gnu
ac_cv_lib_m_floor=yes
ac_cv_objext=o
ac_cv_path_EGREP='/usr/bin/grep -E'
ac_cv_path_GREP=/usr/bin/grep
ac_cv_path_install='/usr/bin/install -c'
ac_cv_prog_AWK=mawk
ac_cv_prog_CPP='gcc -E'
ac_cv_prog_CXXCPP='g++ -E'
ac_cv_prog_ac_ct_AR=ar
ac_cv_prog_ac_ct_CC=gcc
ac_cv_prog_ac_ct_CXX=g++
ac_cv_prog_ac_ct_F77=f77
ac_cv_prog_ac_ct_RANLIB=ranlib
ac_cv_prog_ac_ct_STRIP=strip
ac_cv_prog_cc_c89=
ac_cv_prog_cc_g=yes
ac_cv_prog_cxx_g=yes
ac_cv_prog_f77_g=yes
ac_cv_prog_make_make_set=yes
ac_cv_type_size_t=yes
am_cv_CC_dependencies_compiler_type=none
am_cv_CXX_dependencies_compiler_type=none
lt_cv_deplibs_check_method=pass_all
lt_cv_file_magic_cmd='$MAGIC_CMD'
lt_cv_file_magic_test_file=
lt_cv_ld_reload_flag=-r
lt_cv_objdir=.libs
lt_cv_path_LD=/usr/bin/ld
lt_cv_path_LDCXX='/usr/bin/ld -m elf_x86_64'
lt_cv_path_NM='/usr/bin/nm -B'
lt_cv_path_SED=/usr/bin/sed
lt_cv_prog_compiler_c_o=yes
lt_cv_prog_compiler_c_o_CXX=yes
lt_cv_prog_compiler_c_o_F77=yes
lt_cv_prog_compiler_rtti_exceptions=no
lt_cv_prog_gnu_ld=yes
lt_cv_prog_gnu_ldcxx=yes
lt_cv_sys_global_symbol_pipe='sed -n -e '\''s/^.*[ 	]\([ABCDGIRSTW][ABCDGIRSTW]*\)[ 	][ 	]*\([_A-Za-z][_A-Za-z0-9]*\)$/\1 \2 \2/p'\'''
lt_cv_sys_global_symbol_to_c_name_address='sed -n -e '\''s/^: \([^ ]*\) $/  {\"\1\", (lt_ptr) 0},/p'\'' -e '\''s/^[BCDEGRST] \([^ ]*\) \([^ ]*\)$/  {"\2", (lt_ptr) \&\2},/p'\'''
lt_cv_sys_global_symbol_to_cdecl='sed -n -e '\''s/^. .* \(.*\)$/extern int \1;/p'\'''
lt_cv_sys_max_cmd_len=32768
lt_lt_cv_prog_compiler_c_o='"yes"'
lt_lt_cv_prog_compiler_c_o_CXX='"yes"'
lt_lt_cv_prog_compiler_c_o_F77='"yes"'
lt_lt_cv_sys_global_symbol_pipe='"sed -n -e '\''s/^.*[ 	]\\([ABCDGIRSTW][ABCDGIRSTW]*\\)[ 	][ 	]*\\([_A-Za-z][_A-Za-z0-9]*\\)\$/\\1 \\2 \\2/p'\''"'
lt_lt_cv_sys_global_symbol_to_c_name_address='"sed -n -e '\''s/^: \\([^ ]*\\) \$/  {\\\"\\1\\\", (lt_ptr) 0},/p'\'' -e '\''s/^[BCDEGRST] \\([^ ]*\\) \\([^ ]*\\)\$/  {\"\\2\", (lt_ptr) \\&\\2},/p'\''"'
lt_lt_cv_sys_global_symbol_to_cdecl='"sed -n -e '\''s/^. .* \\(.*\\)\$/extern int \\1;/p'\''"'

## ----------------- ##
## Output variables. ##
## ----------------- ##

ACLOCAL='${SHELL} /home/meltdown1995/roseRoot/rose-compiler/src/src/3rdPartyLibraries/libharu-2.1.0/missing --run aclocal-1.9'
AMDEPBACKSLASH='\'
AMDEP_FALSE='#'
AMDEP_TRUE=''
AMTAR='${SHELL} /home/meltdown1995/roseRoot/rose-compiler/src/src/3rdPartyLibraries/libharu-2.1.0/missing --run tar'
AR='ar'
AUTOCONF='${SHELL} /home/meltdown1995/roseRoot/rose-compiler/src/src/3rdPartyLibraries/libharu-2.1.0/missing --run autoconf'
AUTOHEADER='${SHELL} /home/meltdown1995/roseRoot/rose-compiler/src/src/3rdPartyLibraries/libharu-2.1.0/missing --run autoheader'
AUTOMAKE='${SHELL} /home/meltdown1995/roseRoot/rose-compiler/src/src/3rdPartyLibraries/libharu-2.1.0/missing --run automake-1.9'
AWK='mawk'
CC='gcc'
CCDEPMODE='depmode=none'
CFLAGS='-g -O2'
CPP='gcc -E'
CPPFLAGS=''
CXX='g++'
CXXCPP='g++ -E'
CXXDEPMODE='depmode=none'
CXXFLAGS='-g -O2'
CYGPATH_W='echo'
DEFS='-DHAVE_CONFIG_H'
DEPDIR='.deps'
ECHO='echo'
ECHO_C=''
ECHO_N='-n'
ECHO_T=''
EGREP='/usr/bin/grep -E'
EXEEXT=''
F77='f77'
FFLAGS='-g -O2'
GREP='/usr/bin/grep'
INSTALL_DATA='${INSTALL} -m 644'
INSTALL_PROGRAM='${INSTALL}'
INSTALL_SCRIPT='${INSTALL}'
INSTALL_STRIP_FLAG='-s'
INSTALL_STRIP_PROGRAM='${SHELL} $(install_sh) -c -s'
LDFLAGS=''
LIBOBJS=''
LIBS=' -lm -lm'
LIBTOOL='$(SHELL) $(top_builddir)/libtool'
LN_S='ln -s'
LTLIBOBJS=''
MAINT='#'
MAINTAINER_MODE_FALSE=''
MAINTAINER_MODE_TRUE='#'
MAKEINFO='${SHELL} /home/meltdown1995/roseRoot/rose-compiler/src/src/3rdPartyLibraries/libharu-2.1.0/missing --run makeinfo'
OBJEXT='o'
PACKAGE='libhpdf'
PACKAGE_BUGREPORT=''
PACKAGE_NAME='libhpdf'
PACKAGE_STRING='libhpdf 2.1.0'
PACKAGE_TARNAME='libhpdf'
PACKAGE_VERSION='2.1.0'
PATH_SEPARATOR=':'
RANLIB='ranlib'
SET_MAKE=''
SHELL='/bin/bash'
STRIP='strip'
VERSION='2.1.0'
ac_ct_CC='gcc'
ac_ct_CXX='g++'
ac_ct_F77='f77'
am__fastdepCC_FALSE=''
am__fastdepCC_TRUE='#'
am__fastdepCXX_FALSE=''
am__fastdepCXX_TRUE='#'
am__include='include'
am__leading_dot='.'
am__quote=''
am__tar='${AMTAR} chof - "$$tardir"'
am__untar='${AMTAR} xf -'
bindir='${exec_prefix}/bin'
build='x86_64-unknown-linux-gnu'
build_alias=''
build_cpu='x86_64'
build_os='linux-gnu'
build_vendor='unknown'
datadir='${datarootdir}'
datarootdir='${prefix}/share'
docdir='${datarootdir}/doc/${PACKAGE_TARNAME}'
dvidir='${docdir}'
exec_prefix='${prefix}'
host='x86_64-unknown-linux-gnu'
host_alias=''
host_cpu='x86_64'
host_os='linux-gnu'
host_vendor='unknown'
htmldir='${docdir}'
includedir='${prefix}/include'
infodir='${datarootdir}/info'
install_sh='/home/meltdown1995/roseRoot/rose-compiler/src/src/3rdPartyLibraries/libharu-2.1.0/install-sh'
libdir='${exec_prefix}/lib'
libexecdir='${exec_prefix}/libexec'
localedir='${datarootdir}/locale'
localstatedir='${prefix}/var'
mandir='${datarootdir}/man'
mkdir_p='mkdir -p --'
oldincludedir='/usr/include'
pdfdir='${docdir}'
prefix='/home/meltdown1995/roseRoot/rose-compiler//install'
program_transform_name='s,x,x,'
psdir='${docdir}'
sbindir='${exec_prefix}/sbin'
sharedstatedir='${prefix}/com'
sysconfdir='${prefix}/etc'
target_alias=''

## ----------- ##
## confdefs.h. ##
## ----------- ##

#define PACKAGE_NAME "libhpdf"
#define PACKAGE_TARNAME "libhpdf"
#define PACKAGE_VERSION "2.1.0"
#define PACKAGE_STRING "libhpdf 2.1.0"
#define PACKAGE_BUGREPORT ""
#define STDC_HEADERS 1
#define HAVE_SYS_TYPES_H 1
#define HAVE_SYS_STAT_H 1
#define HAVE_STDLIB_H 1
#define HAVE_STRING_H 1
#define HAVE_MEMORY_H 1
#define HAVE_STRINGS_H 1
#define HAVE_INTTYPES_H 1
#define HAVE_STDINT_H 1
#define HAVE_UNISTD_H 1
#define HAVE_DLFCN_H 1
#define HAVE_STRING_H 1
#define HAVE_STRINGS_H 1
#define HAVE_UNISTD_H 1
#define HAVE_STDINT_H 1
#define HPDF_NOZLIB
#define HPDF_NOPNGLIB

configure: exit 0
